<?xml version="1.0" encoding="UTF-8"?>
<!-- Generated by org.testng.reporters.JUnitReportReporter -->
<testsuite hostname="localhost" name="TestCase.CaseAdimin" tests="1" failures="0" timestamp="19 Feb 2016 09:46:51 GMT" time="53.591" errors="0">
  <testcase name="CaseAdmin_Start" time="53.591" classname="TestCase.CaseAdimin"/>
</testsuite> <!-- TestCase.CaseAdimin -->
