<?xml version="1.0" encoding="UTF-8"?>
<!-- Generated by org.testng.reporters.JUnitReportReporter -->
<testsuite hostname="localhost" name="testforfirst.NewTest" tests="1" failures="0" timestamp="25 Jan 2016 07:28:58 GMT" time="20.835" errors="0">
  <testcase name="f" time="20.835" classname="testforfirst.NewTest"/>
</testsuite> <!-- testforfirst.NewTest -->
