<?xml version="1.0" encoding="UTF-8"?>
<!-- Generated by org.testng.reporters.JUnitReportReporter -->
<testsuite hostname="localhost" name="TestCase.CaseAdimin" tests="1" failures="0" timestamp="4 Feb 2016 03:23:47 GMT" time="54.644" errors="0">
  <testcase name="CaseAdmin_Start" time="54.644" classname="TestCase.CaseAdimin"/>
</testsuite> <!-- TestCase.CaseAdimin -->
